<?xml version="1.0" encoding="UTF-8"?>
<!-- Generated by org.testng.reporters.JUnitReportReporter -->
<testsuite hostname="Heba" failures="0" tests="1" name="projOne.Test_proj" time="3.149" errors="0" timestamp="2023-09-12T15:53:07 EET" skipped="0">
  <testcase classname="projOne.Test_proj" name="myTest" time="3.149"/>
</testsuite> <!-- projOne.Test_proj -->
